<?xml version="1.0" encoding="UTF-8"?>
<!-- Generated by org.testng.reporters.JUnitXMLReporter -->
<testsuite ignored="0" hostname="APIN-AMNAIK" failures="0" tests="3" name="Test" time="63.933" errors="0" timestamp="2025-09-12T10:09:16 IST">
  <testcase classname="selnium.Registration_Test" name="RegistrationFlow" time="11.226"/>
  <testcase classname="selnium.Registration_Test" name="RegistrationFlow" time="6.578"/>
  <testcase classname="selnium.Registration_Test" name="ProjectDetails_Page" time="5.316"/>
</testsuite> <!-- Test -->
