<?xml version="1.0" encoding="UTF-8"?>
<!-- Generated by org.testng.reporters.JUnitXMLReporter -->
<testsuite ignored="0" hostname="APIN-AMNAIK" failures="0" tests="6" name="Test" time="79.324" errors="0" timestamp="2025-09-15T16:51:47 IST">
  <testcase classname="selnium.Registration_Test" name="RegistrationFlow" time="16.153"/>
  <testcase classname="selnium.Registration_Test" name="RegistrationFlow" time="8.14"/>
  <testcase classname="selnium.Registration_Test" name="NavigatetoPageDeatils" time="9.213"/>
  <testcase classname="selnium.Registration_Test" name="ProjectDetails_Page" time="1.778"/>
  <testcase classname="selnium.Registration_Test" name="ProjectDetails_Page" time="2.544"/>
  <testcase classname="selnium.Registration_Test" name="ProjectDetails_Page" time="2.308"/>
</testsuite> <!-- Test -->
