<?xml version="1.0" encoding="UTF-8"?>
<testng-results ignored="0" total="7" passed="7" failed="0" skipped="0">
  <reporter-output>
  </reporter-output>
  <suite started-at="2025-09-16T11:48:08 IST" name="Suite" finished-at="2025-09-16T11:48:53 IST" duration-ms="44756">
    <groups>
    </groups>
    <test started-at="2025-09-16T11:48:08 IST" name="Test" finished-at="2025-09-16T11:48:53 IST" duration-ms="44756">
      <class name="selnium.Registration_Test">
        <test-method is-config="true" signature="OpenUrl()[pri:0, instance:selnium.Registration_Test@5939a379]" started-at="2025-09-16T11:48:08 IST" name="OpenUrl" finished-at="2025-09-16T11:48:23 IST" duration-ms="15278" status="PASS">
          <reporter-output>
          </reporter-output>
        </test-method> <!-- OpenUrl -->
        <test-method signature="RegistrationFlow(java.lang.String,java.lang.String,java.lang.String,java.lang.String,java.lang.String,java.lang.String)[pri:1, instance:selnium.Registration_Test@5939a379]" started-at="2025-09-16T11:48:25 IST" name="RegistrationFlow" data-provider="GetData1" finished-at="2025-09-16T11:48:34 IST" duration-ms="9561" status="PASS">
          <params>
            <param index="0">
              <value>
                <![CDATA[Amruta]]>
              </value>
            </param>
            <param index="1">
              <value>
                <![CDATA[Naik ]]>
              </value>
            </param>
            <param index="2">
              <value>
                <![CDATA[Female]]>
              </value>
            </param>
            <param index="3">
              <value>
                <![CDATA[Java]]>
              </value>
            </param>
            <param index="4">
              <value>
                <![CDATA[amnaik@euronetworldwide.com]]>
              </value>
            </param>
            <param index="5">
              <value>
                <![CDATA[33]]>
              </value>
            </param>
          </params>
          <reporter-output>
          </reporter-output>
        </test-method> <!-- RegistrationFlow -->
        <test-method signature="RegistrationFlow(java.lang.String,java.lang.String,java.lang.String,java.lang.String,java.lang.String,java.lang.String)[pri:1, instance:selnium.Registration_Test@5939a379]" started-at="2025-09-16T11:48:34 IST" name="RegistrationFlow" data-provider="GetData1" finished-at="2025-09-16T11:48:42 IST" duration-ms="8294" status="PASS">
          <params>
            <param index="0">
              <value>
                <![CDATA[Rahul ]]>
              </value>
            </param>
            <param index="1">
              <value>
                <![CDATA[Vaidy]]>
              </value>
            </param>
            <param index="2">
              <value>
                <![CDATA[Male]]>
              </value>
            </param>
            <param index="3">
              <value>
                <![CDATA[Selenium WebDriver]]>
              </value>
            </param>
            <param index="4">
              <value>
                <![CDATA[rahulvaidya@gmail.com]]>
              </value>
            </param>
            <param index="5">
              <value>
                <![CDATA[23]]>
              </value>
            </param>
          </params>
          <reporter-output>
          </reporter-output>
        </test-method> <!-- RegistrationFlow -->
        <test-method signature="NavigatetoPageDeatils()[pri:2, instance:selnium.Registration_Test@5939a379]" started-at="2025-09-16T11:48:43 IST" name="NavigatetoPageDeatils" finished-at="2025-09-16T11:48:48 IST" duration-ms="5019" status="PASS">
          <reporter-output>
          </reporter-output>
        </test-method> <!-- NavigatetoPageDeatils -->
        <test-method signature="ProjectDetails_Page(java.lang.String,java.lang.String,java.lang.String,java.lang.String,java.lang.String)[pri:3, instance:selnium.Registration_Test@5939a379]" started-at="2025-09-16T11:48:48 IST" name="ProjectDetails_Page" data-provider="GetRowData" finished-at="2025-09-16T11:48:49 IST" depends-on-methods="selnium.Registration_Test.RegistrationFlow" duration-ms="1108" status="PASS">
          <params>
            <param index="0">
              <value>
                <![CDATA[Amruta Naik]]>
              </value>
            </param>
            <param index="1">
              <value>
                <![CDATA[Senior Automation Engineer]]>
              </value>
            </param>
            <param index="2">
              <value>
                <![CDATA[amrutanaik789@gmail.com]]>
              </value>
            </param>
            <param index="3">
              <value>
                <![CDATA[New York]]>
              </value>
            </param>
            <param index="4">
              <value>
                <![CDATA[IT]]>
              </value>
            </param>
          </params>
          <reporter-output>
          </reporter-output>
        </test-method> <!-- ProjectDetails_Page -->
        <test-method signature="ProjectDetails_Page(java.lang.String,java.lang.String,java.lang.String,java.lang.String,java.lang.String)[pri:3, instance:selnium.Registration_Test@5939a379]" started-at="2025-09-16T11:48:49 IST" name="ProjectDetails_Page" data-provider="GetRowData" finished-at="2025-09-16T11:48:50 IST" depends-on-methods="selnium.Registration_Test.RegistrationFlow" duration-ms="1130" status="PASS">
          <params>
            <param index="0">
              <value>
                <![CDATA[Abhishek ]]>
              </value>
            </param>
            <param index="1">
              <value>
                <![CDATA[Manager]]>
              </value>
            </param>
            <param index="2">
              <value>
                <![CDATA[abhibhu@gmail.com]]>
              </value>
            </param>
            <param index="3">
              <value>
                <![CDATA[Dubai]]>
              </value>
            </param>
            <param index="4">
              <value>
                <![CDATA[Fitness]]>
              </value>
            </param>
          </params>
          <reporter-output>
          </reporter-output>
        </test-method> <!-- ProjectDetails_Page -->
        <test-method signature="ProjectDetails_Page(java.lang.String,java.lang.String,java.lang.String,java.lang.String,java.lang.String)[pri:3, instance:selnium.Registration_Test@5939a379]" started-at="2025-09-16T11:48:50 IST" name="ProjectDetails_Page" data-provider="GetRowData" finished-at="2025-09-16T11:48:51 IST" depends-on-methods="selnium.Registration_Test.RegistrationFlow" duration-ms="1051" status="PASS">
          <params>
            <param index="0">
              <value>
                <![CDATA[Sonya]]>
              </value>
            </param>
            <param index="1">
              <value>
                <![CDATA[Senior Automation Engineer]]>
              </value>
            </param>
            <param index="2">
              <value>
                <![CDATA[sonydhara@mail.com]]>
              </value>
            </param>
            <param index="3">
              <value>
                <![CDATA[Mumbai]]>
              </value>
            </param>
            <param index="4">
              <value>
                <![CDATA[IT]]>
              </value>
            </param>
          </params>
          <reporter-output>
          </reporter-output>
        </test-method> <!-- ProjectDetails_Page -->
        <test-method signature="Deselect_Row()[pri:4, instance:selnium.Registration_Test@5939a379]" started-at="2025-09-16T11:48:51 IST" name="Deselect_Row" finished-at="2025-09-16T11:48:53 IST" duration-ms="2040" status="PASS">
          <reporter-output>
          </reporter-output>
        </test-method> <!-- Deselect_Row -->
      </class> <!-- selnium.Registration_Test -->
    </test> <!-- Test -->
  </suite> <!-- Suite -->
</testng-results>
